{
  "stats": {
    "suites": 1,
    "tests": 1,
    "passes": 0,
    "pending": 0,
    "failures": 1,
    "start": "2021-05-14T08:54:18.759Z",
    "end": "2021-05-14T08:54:51.440Z",
    "duration": 32681,
    "testsRegistered": 18,
    "passPercent": 0,
    "pendingPercent": 0,
    "other": 0,
    "hasOther": false,
    "skipped": 17,
    "hasSkipped": true
  },
  "results": [
    {
      "uuid": "4264afed-e461-4787-93ea-85da6b0b9828",
      "title": "",
      "fullFile": "",
      "file": "",
      "beforeHooks": [],
      "afterHooks": [],
      "tests": [],
      "suites": [
        {
          "uuid": "1ec781a7-00cd-4b55-a363-5d022eb7d12f",
          "title": "Filtering by Category @REQ-5",
          "fullFile": "",
          "file": "",
          "beforeHooks": [
            {
              "title": "\"before all\" hook: codeceptjs.beforeSuite",
              "fullTitle": "Filtering by Category @REQ-5 \"before all\" hook: codeceptjs.beforeSuite",
              "timedOut": false,
              "duration": 0,
              "state": null,
              "speed": null,
              "pass": false,
              "fail": false,
              "pending": false,
              "context": null,
              "code": "scenario.suiteSetup(suite)",
              "err": {},
              "uuid": "4efdd819-9d98-4cef-9adf-8199dec19e2e",
              "parentUUID": null,
              "isHook": true,
              "skipped": false
            },
            {
              "title": "\"before each\" hook: codeceptjs.before",
              "fullTitle": "Filtering by Category @REQ-5 \"before each\" hook: codeceptjs.before",
              "timedOut": false,
              "duration": 0,
              "state": null,
              "speed": null,
              "pass": false,
              "fail": false,
              "pending": false,
              "context": null,
              "code": "scenario.setup(suite)",
              "err": {},
              "uuid": "a084cd66-56dc-411a-8855-d08f94fb749c",
              "parentUUID": null,
              "isHook": true,
              "skipped": false
            }
          ],
          "afterHooks": [
            {
              "title": "\"after all\" hook: codeceptjs.afterSuite",
              "fullTitle": "Filtering by Category @REQ-5 \"after all\" hook: codeceptjs.afterSuite",
              "timedOut": false,
              "duration": 0,
              "state": null,
              "speed": null,
              "pass": false,
              "fail": false,
              "pending": false,
              "context": null,
              "code": "scenario.suiteTeardown(suite)",
              "err": {},
              "uuid": "94283f27-a579-4c75-acf1-cd9bf3a1623e",
              "parentUUID": null,
              "isHook": true,
              "skipped": false
            },
            {
              "title": "\"after each\" hook: codeceptjs.after",
              "fullTitle": "Filtering by Category @REQ-5 \"after each\" hook: codeceptjs.after",
              "timedOut": false,
              "duration": 0,
              "state": null,
              "speed": null,
              "pass": false,
              "fail": false,
              "pending": false,
              "context": null,
              "code": "scenario.teardown(suite)",
              "err": {},
              "uuid": "aa7441f5-ed0a-4fa6-850f-63d9cff52238",
              "parentUUID": null,
              "isHook": true,
              "skipped": false
            }
          ],
          "tests": [
            {
              "title": "Filter Psychics by Categories {\"category\":\"Love and Relationship\"}",
              "fullTitle": "Filtering by Category @REQ-5 Filter Psychics by Categories {\"category\":\"Love and Relationship\"}",
              "timedOut": false,
              "duration": 0,
              "state": null,
              "speed": null,
              "pass": false,
              "fail": false,
              "pending": false,
              "context": null,
              "code": "runSteps(addExampleInTable(exampleSteps, current)",
              "err": {},
              "uuid": "f0c0c54d-82ef-4425-baab-fce0aaf34487",
              "parentUUID": null,
              "isHook": false,
              "skipped": true
            },
            {
              "title": "Filter Psychics by Categories {\"category\":\"Dream Interpretation\"}",
              "fullTitle": "Filtering by Category @REQ-5 Filter Psychics by Categories {\"category\":\"Dream Interpretation\"}",
              "timedOut": false,
              "duration": 0,
              "state": null,
              "speed": null,
              "pass": false,
              "fail": false,
              "pending": false,
              "context": null,
              "code": "runSteps(addExampleInTable(exampleSteps, current)",
              "err": {},
              "uuid": "d43dc202-9bfc-4473-9425-5091c8a3eb28",
              "parentUUID": null,
              "isHook": false,
              "skipped": true
            },
            {
              "title": "Filter Psychics by Categories {\"category\":\"Astrology\"}",
              "fullTitle": "Filtering by Category @REQ-5 Filter Psychics by Categories {\"category\":\"Astrology\"}",
              "timedOut": false,
              "duration": 0,
              "state": null,
              "speed": null,
              "pass": false,
              "fail": false,
              "pending": false,
              "context": null,
              "code": "runSteps(addExampleInTable(exampleSteps, current)",
              "err": {},
              "uuid": "cf244d09-618a-475a-80fb-d46b0b4d3c36",
              "parentUUID": null,
              "isHook": false,
              "skipped": true
            },
            {
              "title": "Filter Psychics by Categories {\"category\":\"Spiritual Guides\"}",
              "fullTitle": "Filtering by Category @REQ-5 Filter Psychics by Categories {\"category\":\"Spiritual Guides\"}",
              "timedOut": false,
              "duration": 0,
              "state": null,
              "speed": null,
              "pass": false,
              "fail": false,
              "pending": false,
              "context": null,
              "code": "runSteps(addExampleInTable(exampleSteps, current)",
              "err": {},
              "uuid": "87856bbf-7797-48a6-93bc-979dcb96014b",
              "parentUUID": null,
              "isHook": false,
              "skipped": true
            },
            {
              "title": "Filter Psychics by Categories {\"category\":\"Home and Family\"}",
              "fullTitle": "Filtering by Category @REQ-5 Filter Psychics by Categories {\"category\":\"Home and Family\"}",
              "timedOut": false,
              "duration": 0,
              "state": null,
              "speed": null,
              "pass": false,
              "fail": false,
              "pending": false,
              "context": null,
              "code": "runSteps(addExampleInTable(exampleSteps, current)",
              "err": {},
              "uuid": "6498f24d-dde6-47ce-9383-60393f51d49f",
              "parentUUID": null,
              "isHook": false,
              "skipped": true
            },
            {
              "title": "Filter Psychics by Categories {\"category\":\"Numerology\"}",
              "fullTitle": "Filtering by Category @REQ-5 Filter Psychics by Categories {\"category\":\"Numerology\"}",
              "timedOut": false,
              "duration": 0,
              "state": null,
              "speed": null,
              "pass": false,
              "fail": false,
              "pending": false,
              "context": null,
              "code": "runSteps(addExampleInTable(exampleSteps, current)",
              "err": {},
              "uuid": "71a0cdc1-3040-4749-8a37-e015171d3f0e",
              "parentUUID": null,
              "isHook": false,
              "skipped": true
            }
          ],
          "suites": [],
          "passes": [],
          "failures": [],
          "pending": [],
          "skipped": [
            "f0c0c54d-82ef-4425-baab-fce0aaf34487",
            "d43dc202-9bfc-4473-9425-5091c8a3eb28",
            "cf244d09-618a-475a-80fb-d46b0b4d3c36",
            "87856bbf-7797-48a6-93bc-979dcb96014b",
            "6498f24d-dde6-47ce-9383-60393f51d49f",
            "71a0cdc1-3040-4749-8a37-e015171d3f0e"
          ],
          "duration": 0,
          "root": false,
          "rootEmpty": false,
          "_timeout": 0
        },
        {
          "uuid": "f307b8a9-54e5-4cff-b4fc-e33c1f1d636f",
          "title": "Home Page @REQ-1",
          "fullFile": "",
          "file": "",
          "beforeHooks": [
            {
              "title": "\"before all\" hook: codeceptjs.beforeSuite",
              "fullTitle": "Home Page @REQ-1 \"before all\" hook: codeceptjs.beforeSuite",
              "timedOut": false,
              "duration": 0,
              "state": null,
              "speed": null,
              "pass": false,
              "fail": false,
              "pending": false,
              "context": null,
              "code": "scenario.suiteSetup(suite)",
              "err": {},
              "uuid": "7247e9b5-7632-4034-b4cb-2391e9e92c4f",
              "parentUUID": null,
              "isHook": true,
              "skipped": false
            },
            {
              "title": "\"before each\" hook: codeceptjs.before",
              "fullTitle": "Home Page @REQ-1 \"before each\" hook: codeceptjs.before",
              "timedOut": false,
              "duration": 0,
              "state": null,
              "speed": null,
              "pass": false,
              "fail": false,
              "pending": false,
              "context": null,
              "code": "scenario.setup(suite)",
              "err": {},
              "uuid": "6e360992-0d7f-4e22-931f-c0dcf38d9de8",
              "parentUUID": null,
              "isHook": true,
              "skipped": false
            }
          ],
          "afterHooks": [
            {
              "title": "\"after all\" hook: codeceptjs.afterSuite",
              "fullTitle": "Home Page @REQ-1 \"after all\" hook: codeceptjs.afterSuite",
              "timedOut": false,
              "duration": 0,
              "state": null,
              "speed": null,
              "pass": false,
              "fail": false,
              "pending": false,
              "context": null,
              "code": "scenario.suiteTeardown(suite)",
              "err": {},
              "uuid": "82663868-c482-436d-9d81-fa4facc2977c",
              "parentUUID": null,
              "isHook": true,
              "skipped": false
            },
            {
              "title": "\"after each\" hook: codeceptjs.after",
              "fullTitle": "Home Page @REQ-1 \"after each\" hook: codeceptjs.after",
              "timedOut": false,
              "duration": 0,
              "state": null,
              "speed": null,
              "pass": false,
              "fail": false,
              "pending": false,
              "context": null,
              "code": "scenario.teardown(suite)",
              "err": {},
              "uuid": "b17e7abe-3827-4ba5-9d17-486ee36b9b0c",
              "parentUUID": null,
              "isHook": true,
              "skipped": false
            }
          ],
          "tests": [
            {
              "title": "\"Show More\" button loads more psychics",
              "fullTitle": "Home Page @REQ-1 \"Show More\" button loads more psychics",
              "timedOut": false,
              "duration": 0,
              "state": null,
              "speed": null,
              "pass": false,
              "fail": false,
              "pending": false,
              "context": null,
              "code": "runSteps(child.steps)",
              "err": {},
              "uuid": "9afb9e4a-21ca-4d40-9925-943fa7c79a95",
              "parentUUID": null,
              "isHook": false,
              "skipped": true
            },
            {
              "title": "There are no visible duplicated psychic cards",
              "fullTitle": "Home Page @REQ-1 There are no visible duplicated psychic cards",
              "timedOut": false,
              "duration": 0,
              "state": null,
              "speed": null,
              "pass": false,
              "fail": false,
              "pending": false,
              "context": null,
              "code": "runSteps(child.steps)",
              "err": {},
              "uuid": "c64615ff-98c5-4a8c-892b-d47da24b9a7f",
              "parentUUID": null,
              "isHook": false,
              "skipped": true
            },
            {
              "title": "Each psychic card contains details",
              "fullTitle": "Home Page @REQ-1 Each psychic card contains details",
              "timedOut": false,
              "duration": 0,
              "state": null,
              "speed": null,
              "pass": false,
              "fail": false,
              "pending": false,
              "context": null,
              "code": "runSteps(child.steps)",
              "err": {},
              "uuid": "a0979e2b-8f6e-4d70-acce-89438495fef0",
              "parentUUID": null,
              "isHook": false,
              "skipped": true
            }
          ],
          "suites": [],
          "passes": [],
          "failures": [],
          "pending": [],
          "skipped": [
            "9afb9e4a-21ca-4d40-9925-943fa7c79a95",
            "c64615ff-98c5-4a8c-892b-d47da24b9a7f",
            "a0979e2b-8f6e-4d70-acce-89438495fef0"
          ],
          "duration": 0,
          "root": false,
          "rootEmpty": false,
          "_timeout": 0
        },
        {
          "uuid": "46bb2513-2840-4786-9938-30bb84a9606a",
          "title": "Search for Psychics from Home Page @REQ-3",
          "fullFile": "",
          "file": "",
          "beforeHooks": [
            {
              "title": "\"before all\" hook: codeceptjs.beforeSuite",
              "fullTitle": "Search for Psychics from Home Page @REQ-3 \"before all\" hook: codeceptjs.beforeSuite",
              "timedOut": false,
              "duration": 0,
              "state": null,
              "speed": null,
              "pass": false,
              "fail": false,
              "pending": false,
              "context": null,
              "code": "scenario.suiteSetup(suite)",
              "err": {},
              "uuid": "851a09f3-f58b-488b-b489-0b4ecaad560b",
              "parentUUID": null,
              "isHook": true,
              "skipped": false
            },
            {
              "title": "\"before each\" hook: codeceptjs.before",
              "fullTitle": "Search for Psychics from Home Page @REQ-3 \"before each\" hook: codeceptjs.before",
              "timedOut": false,
              "duration": 0,
              "state": null,
              "speed": null,
              "pass": false,
              "fail": false,
              "pending": false,
              "context": null,
              "code": "scenario.setup(suite)",
              "err": {},
              "uuid": "9fdbeaf7-19ec-45ed-aa7a-bc4ee95e89c2",
              "parentUUID": null,
              "isHook": true,
              "skipped": false
            }
          ],
          "afterHooks": [
            {
              "title": "\"after all\" hook: codeceptjs.afterSuite",
              "fullTitle": "Search for Psychics from Home Page @REQ-3 \"after all\" hook: codeceptjs.afterSuite",
              "timedOut": false,
              "duration": 0,
              "state": null,
              "speed": null,
              "pass": false,
              "fail": false,
              "pending": false,
              "context": null,
              "code": "scenario.suiteTeardown(suite)",
              "err": {},
              "uuid": "caa26082-b470-4a47-8296-495490c9ab37",
              "parentUUID": null,
              "isHook": true,
              "skipped": false
            },
            {
              "title": "\"after each\" hook: codeceptjs.after",
              "fullTitle": "Search for Psychics from Home Page @REQ-3 \"after each\" hook: codeceptjs.after",
              "timedOut": false,
              "duration": 0,
              "state": null,
              "speed": null,
              "pass": false,
              "fail": false,
              "pending": false,
              "context": null,
              "code": "scenario.teardown(suite)",
              "err": {},
              "uuid": "a215924b-5a7b-48b8-a37f-3204f415987d",
              "parentUUID": null,
              "isHook": true,
              "skipped": false
            }
          ],
          "tests": [
            {
              "title": "Search Input field displays Placeholder",
              "fullTitle": "Search for Psychics from Home Page @REQ-3 Search Input field displays Placeholder",
              "timedOut": false,
              "duration": 0,
              "state": null,
              "speed": null,
              "pass": false,
              "fail": false,
              "pending": false,
              "context": null,
              "code": "runSteps(child.steps)",
              "err": {},
              "uuid": "82d5bc88-8a7f-4622-a2ba-9d814c54d1ee",
              "parentUUID": null,
              "isHook": false,
              "skipped": true
            },
            {
              "title": "Search for Psychics by partial text {\"partialText\":\"Matt\"}",
              "fullTitle": "Search for Psychics from Home Page @REQ-3 Search for Psychics by partial text {\"partialText\":\"Matt\"}",
              "timedOut": false,
              "duration": 0,
              "state": null,
              "speed": null,
              "pass": false,
              "fail": false,
              "pending": false,
              "context": null,
              "code": "runSteps(addExampleInTable(exampleSteps, current)",
              "err": {},
              "uuid": "7b13cdca-8d96-436a-9298-1245276b6ca1",
              "parentUUID": null,
              "isHook": false,
              "skipped": true
            },
            {
              "title": "Search for Psychics by partial text {\"partialText\":\"Myst\"}",
              "fullTitle": "Search for Psychics from Home Page @REQ-3 Search for Psychics by partial text {\"partialText\":\"Myst\"}",
              "timedOut": false,
              "duration": 0,
              "state": null,
              "speed": null,
              "pass": false,
              "fail": false,
              "pending": false,
              "context": null,
              "code": "runSteps(addExampleInTable(exampleSteps, current)",
              "err": {},
              "uuid": "6fd5181f-1304-4ca1-b341-1c831c58175c",
              "parentUUID": null,
              "isHook": false,
              "skipped": true
            },
            {
              "title": "Search for Psychics by partial text {\"partialText\":\"Ann\"}",
              "fullTitle": "Search for Psychics from Home Page @REQ-3 Search for Psychics by partial text {\"partialText\":\"Ann\"}",
              "timedOut": false,
              "duration": 0,
              "state": null,
              "speed": null,
              "pass": false,
              "fail": false,
              "pending": false,
              "context": null,
              "code": "runSteps(addExampleInTable(exampleSteps, current)",
              "err": {},
              "uuid": "9d1ffa9c-c9e6-4e02-9258-83d655456096",
              "parentUUID": null,
              "isHook": false,
              "skipped": true
            },
            {
              "title": "Search for Psychics by partial text {\"partialText\":\"psy\"}",
              "fullTitle": "Search for Psychics from Home Page @REQ-3 Search for Psychics by partial text {\"partialText\":\"psy\"}",
              "timedOut": false,
              "duration": 0,
              "state": null,
              "speed": null,
              "pass": false,
              "fail": false,
              "pending": false,
              "context": null,
              "code": "runSteps(addExampleInTable(exampleSteps, current)",
              "err": {},
              "uuid": "13653249-693b-4e34-b32e-bf7936106d50",
              "parentUUID": null,
              "isHook": false,
              "skipped": true
            },
            {
              "title": "Search for Psychics by full text {\"psychicName\":\"MattWarren\"}",
              "fullTitle": "Search for Psychics from Home Page @REQ-3 Search for Psychics by full text {\"psychicName\":\"MattWarren\"}",
              "timedOut": false,
              "duration": 0,
              "state": null,
              "speed": null,
              "pass": false,
              "fail": false,
              "pending": false,
              "context": null,
              "code": "runSteps(addExampleInTable(exampleSteps, current)",
              "err": {},
              "uuid": "e8785841-c26f-4d16-a3c8-7323cded456b",
              "parentUUID": null,
              "isHook": false,
              "skipped": true
            },
            {
              "title": "Search for Psychics by full text {\"psychicName\":\"MysticMilena\"}",
              "fullTitle": "Search for Psychics from Home Page @REQ-3 Search for Psychics by full text {\"psychicName\":\"MysticMilena\"}",
              "timedOut": false,
              "duration": 0,
              "state": null,
              "speed": null,
              "pass": false,
              "fail": false,
              "pending": false,
              "context": null,
              "code": "runSteps(addExampleInTable(exampleSteps, current)",
              "err": {},
              "uuid": "ed677e3d-b148-4ffc-b149-0f951d59a6d0",
              "parentUUID": null,
              "isHook": false,
              "skipped": true
            },
            {
              "title": "Search for Psychics by full text {\"psychicName\":\"EternalFlame\"}",
              "fullTitle": "Search for Psychics from Home Page @REQ-3 Search for Psychics by full text {\"psychicName\":\"EternalFlame\"}",
              "timedOut": false,
              "duration": 0,
              "state": null,
              "speed": null,
              "pass": false,
              "fail": false,
              "pending": false,
              "context": null,
              "code": "runSteps(addExampleInTable(exampleSteps, current)",
              "err": {},
              "uuid": "74d64f6f-48fe-4e31-888b-8dcd955e3a9b",
              "parentUUID": null,
              "isHook": false,
              "skipped": true
            }
          ],
          "suites": [],
          "passes": [],
          "failures": [],
          "pending": [],
          "skipped": [
            "82d5bc88-8a7f-4622-a2ba-9d814c54d1ee",
            "7b13cdca-8d96-436a-9298-1245276b6ca1",
            "6fd5181f-1304-4ca1-b341-1c831c58175c",
            "9d1ffa9c-c9e6-4e02-9258-83d655456096",
            "13653249-693b-4e34-b32e-bf7936106d50",
            "e8785841-c26f-4d16-a3c8-7323cded456b",
            "ed677e3d-b148-4ffc-b149-0f951d59a6d0",
            "74d64f6f-48fe-4e31-888b-8dcd955e3a9b"
          ],
          "duration": 0,
          "root": false,
          "rootEmpty": false,
          "_timeout": 0
        },
        {
          "uuid": "113564fe-61bb-4aa4-8e75-b407848e0925",
          "title": "Sign up dialog @REQ-4",
          "fullFile": "",
          "file": "",
          "beforeHooks": [
            {
              "title": "\"before all\" hook: codeceptjs.beforeSuite in \"Sign up dialog @REQ-4\"",
              "fullTitle": "Sign up dialog @REQ-4 \"before all\" hook: codeceptjs.beforeSuite in \"Sign up dialog @REQ-4\"",
              "timedOut": false,
              "duration": 956,
              "state": null,
              "speed": null,
              "pass": false,
              "fail": false,
              "pending": false,
              "context": null,
              "code": "scenario.suiteSetup(suite)",
              "err": {},
              "uuid": "a4c6a1ca-d9e6-471d-8c91-a68139407746",
              "parentUUID": "113564fe-61bb-4aa4-8e75-b407848e0925",
              "isHook": true,
              "skipped": false
            },
            {
              "title": "\"before each\" hook: codeceptjs.before in \"Sign up dialog @REQ-4\"",
              "fullTitle": "Sign up dialog @REQ-4 \"before each\" hook: codeceptjs.before in \"Sign up dialog @REQ-4\"",
              "timedOut": false,
              "duration": 1,
              "state": null,
              "speed": null,
              "pass": false,
              "fail": false,
              "pending": false,
              "context": null,
              "code": "scenario.setup(suite)",
              "err": {},
              "uuid": "ae400979-1e3c-4ba3-b464-6c2781fd1396",
              "parentUUID": "113564fe-61bb-4aa4-8e75-b407848e0925",
              "isHook": true,
              "skipped": false
            }
          ],
          "afterHooks": [
            {
              "title": "\"after all\" hook: codeceptjs.afterSuite in \"Sign up dialog @REQ-4\"",
              "fullTitle": "Sign up dialog @REQ-4 \"after all\" hook: codeceptjs.afterSuite in \"Sign up dialog @REQ-4\"",
              "timedOut": false,
              "duration": 0,
              "state": null,
              "speed": null,
              "pass": false,
              "fail": false,
              "pending": false,
              "context": null,
              "code": "scenario.suiteTeardown(suite)",
              "err": {},
              "uuid": "0cbb4725-bcd2-4526-8c8a-20da3c22279e",
              "parentUUID": "113564fe-61bb-4aa4-8e75-b407848e0925",
              "isHook": true,
              "skipped": false
            },
            {
              "title": "\"after each\" hook: codeceptjs.after in \"Sign up dialog @REQ-4\"",
              "fullTitle": "Sign up dialog @REQ-4 \"after each\" hook: codeceptjs.after in \"Sign up dialog @REQ-4\"",
              "timedOut": false,
              "duration": 8,
              "state": null,
              "speed": null,
              "pass": false,
              "fail": false,
              "pending": false,
              "context": null,
              "code": "scenario.teardown(suite)",
              "err": {},
              "uuid": "d72915a1-1062-4af1-99b5-558f6a5811b9",
              "parentUUID": "113564fe-61bb-4aa4-8e75-b407848e0925",
              "isHook": true,
              "skipped": false
            }
          ],
          "tests": [
            {
              "title": "Sign up dialog apppears when 'Start Private Show' is clicked {\"position\":\"7\"}",
              "fullTitle": "Sign up dialog @REQ-4 Sign up dialog apppears when 'Start Private Show' is clicked {\"position\":\"7\"}",
              "timedOut": false,
              "duration": 31703,
              "state": "failed",
              "speed": null,
              "pass": false,
              "fail": true,
              "pending": false,
              "context": null,
              "code": "runSteps(addExampleInTable(exampleSteps, current)",
              "err": {
                "message": null,
                "estack": null,
                "diff": "- [\n-   \"ELEMENT\"\n- ]\n+ []\n"
              },
              "uuid": "3628b74d-01ca-4b49-aa07-3bd14c6c440b",
              "parentUUID": "113564fe-61bb-4aa4-8e75-b407848e0925",
              "isHook": false,
              "skipped": false
            }
          ],
          "suites": [],
          "passes": [],
          "failures": [
            "3628b74d-01ca-4b49-aa07-3bd14c6c440b"
          ],
          "pending": [],
          "skipped": [],
          "duration": 31703,
          "root": false,
          "rootEmpty": false,
          "_timeout": 0
        }
      ],
      "passes": [],
      "failures": [],
      "pending": [],
      "skipped": [],
      "duration": 0,
      "root": true,
      "rootEmpty": true,
      "_timeout": 0
    }
  ],
  "meta": {
    "mocha": {
      "version": "8.1.3"
    },
    "mochawesome": {
      "options": {
        "quiet": false,
        "reportFilename": "mochawesome",
        "saveHtml": true,
        "saveJson": true,
        "consoleReporter": "spec",
        "useInlineDiffs": false,
        "code": true
      },
      "version": "6.2.2"
    },
    "marge": {
      "options": {},
      "version": "5.2.0"
    }
  }
}