{
  "stats": {
    "suites": 4,
    "tests": 25,
    "passes": 24,
    "pending": 0,
    "failures": 1,
    "start": "2021-05-14T09:18:40.107Z",
    "end": "2021-05-14T09:30:25.412Z",
    "duration": 705305,
    "testsRegistered": 25,
    "passPercent": 96,
    "pendingPercent": 0,
    "other": 0,
    "hasOther": false,
    "skipped": 0,
    "hasSkipped": false
  },
  "results": [
    {
      "uuid": "684b3795-79d5-4db0-a04b-301db5488a42",
      "title": "",
      "fullFile": "",
      "file": "",
      "beforeHooks": [],
      "afterHooks": [],
      "tests": [],
      "suites": [
        {
          "uuid": "0ebc7071-78ca-4905-962a-96f1b054f0a7",
          "title": "Filtering by Category @REQ-5",
          "fullFile": "",
          "file": "",
          "beforeHooks": [
            {
              "title": "\"before all\" hook: codeceptjs.beforeSuite in \"Filtering by Category @REQ-5\"",
              "fullTitle": "Filtering by Category @REQ-5 \"before all\" hook: codeceptjs.beforeSuite in \"Filtering by Category @REQ-5\"",
              "timedOut": false,
              "duration": 1530,
              "state": null,
              "speed": null,
              "pass": false,
              "fail": false,
              "pending": false,
              "context": null,
              "code": "scenario.suiteSetup(suite)",
              "err": {},
              "uuid": "41363640-4211-420c-a044-b63959d84efa",
              "parentUUID": "0ebc7071-78ca-4905-962a-96f1b054f0a7",
              "isHook": true,
              "skipped": false
            },
            {
              "title": "\"before each\" hook: codeceptjs.before in \"Filtering by Category @REQ-5\"",
              "fullTitle": "Filtering by Category @REQ-5 \"before each\" hook: codeceptjs.before in \"Filtering by Category @REQ-5\"",
              "timedOut": false,
              "duration": 0,
              "state": null,
              "speed": null,
              "pass": false,
              "fail": false,
              "pending": false,
              "context": null,
              "code": "scenario.setup(suite)",
              "err": {},
              "uuid": "e36b3283-9e28-4067-af6f-c953b694b93f",
              "parentUUID": "0ebc7071-78ca-4905-962a-96f1b054f0a7",
              "isHook": true,
              "skipped": false
            }
          ],
          "afterHooks": [
            {
              "title": "\"after all\" hook: codeceptjs.afterSuite in \"Filtering by Category @REQ-5\"",
              "fullTitle": "Filtering by Category @REQ-5 \"after all\" hook: codeceptjs.afterSuite in \"Filtering by Category @REQ-5\"",
              "timedOut": false,
              "duration": 0,
              "state": null,
              "speed": null,
              "pass": false,
              "fail": false,
              "pending": false,
              "context": null,
              "code": "scenario.suiteTeardown(suite)",
              "err": {},
              "uuid": "d7d895ba-e892-41f2-8648-466b10a1e76a",
              "parentUUID": "0ebc7071-78ca-4905-962a-96f1b054f0a7",
              "isHook": true,
              "skipped": false
            },
            {
              "title": "\"after each\" hook: codeceptjs.after in \"Filtering by Category @REQ-5\"",
              "fullTitle": "Filtering by Category @REQ-5 \"after each\" hook: codeceptjs.after in \"Filtering by Category @REQ-5\"",
              "timedOut": false,
              "duration": 6,
              "state": null,
              "speed": null,
              "pass": false,
              "fail": false,
              "pending": false,
              "context": null,
              "code": "scenario.teardown(suite)",
              "err": {},
              "uuid": "92d4aed1-eb63-43a8-9060-e893cab33eba",
              "parentUUID": "0ebc7071-78ca-4905-962a-96f1b054f0a7",
              "isHook": true,
              "skipped": false
            }
          ],
          "tests": [
            {
              "title": "Filter Psychics by Categories {\"category\":\"Love and Relationship\"}",
              "fullTitle": "Filtering by Category @REQ-5 Filter Psychics by Categories {\"category\":\"Love and Relationship\"}",
              "timedOut": false,
              "duration": 27003,
              "state": "passed",
              "speed": "slow",
              "pass": true,
              "fail": false,
              "pending": false,
              "context": null,
              "code": "runSteps(addExampleInTable(exampleSteps, current)",
              "err": {},
              "uuid": "2550e9a2-3158-478a-a791-5ddb66194cb2",
              "parentUUID": "0ebc7071-78ca-4905-962a-96f1b054f0a7",
              "isHook": false,
              "skipped": false
            },
            {
              "title": "Filter Psychics by Categories {\"category\":\"Dream Interpretation\"}",
              "fullTitle": "Filtering by Category @REQ-5 Filter Psychics by Categories {\"category\":\"Dream Interpretation\"}",
              "timedOut": false,
              "duration": 25646,
              "state": "passed",
              "speed": "slow",
              "pass": true,
              "fail": false,
              "pending": false,
              "context": null,
              "code": "runSteps(addExampleInTable(exampleSteps, current)",
              "err": {},
              "uuid": "4c2e0cb6-5fe2-4835-9b1f-8438ad25a82e",
              "parentUUID": "0ebc7071-78ca-4905-962a-96f1b054f0a7",
              "isHook": false,
              "skipped": false
            },
            {
              "title": "Filter Psychics by Categories {\"category\":\"Astrology\"}",
              "fullTitle": "Filtering by Category @REQ-5 Filter Psychics by Categories {\"category\":\"Astrology\"}",
              "timedOut": false,
              "duration": 24557,
              "state": "passed",
              "speed": "slow",
              "pass": true,
              "fail": false,
              "pending": false,
              "context": null,
              "code": "runSteps(addExampleInTable(exampleSteps, current)",
              "err": {},
              "uuid": "ca9f3bd5-a480-4c21-a090-afb085a37346",
              "parentUUID": "0ebc7071-78ca-4905-962a-96f1b054f0a7",
              "isHook": false,
              "skipped": false
            },
            {
              "title": "Filter Psychics by Categories {\"category\":\"Spiritual Guides\"}",
              "fullTitle": "Filtering by Category @REQ-5 Filter Psychics by Categories {\"category\":\"Spiritual Guides\"}",
              "timedOut": false,
              "duration": 24646,
              "state": "passed",
              "speed": "slow",
              "pass": true,
              "fail": false,
              "pending": false,
              "context": null,
              "code": "runSteps(addExampleInTable(exampleSteps, current)",
              "err": {},
              "uuid": "8d476d65-c744-4e36-9906-4f92256797d6",
              "parentUUID": "0ebc7071-78ca-4905-962a-96f1b054f0a7",
              "isHook": false,
              "skipped": false
            },
            {
              "title": "Filter Psychics by Categories {\"category\":\"Home and Family\"}",
              "fullTitle": "Filtering by Category @REQ-5 Filter Psychics by Categories {\"category\":\"Home and Family\"}",
              "timedOut": false,
              "duration": 24363,
              "state": "passed",
              "speed": "slow",
              "pass": true,
              "fail": false,
              "pending": false,
              "context": null,
              "code": "runSteps(addExampleInTable(exampleSteps, current)",
              "err": {},
              "uuid": "49ac7f67-b834-4e36-92c2-2dde5d5ef325",
              "parentUUID": "0ebc7071-78ca-4905-962a-96f1b054f0a7",
              "isHook": false,
              "skipped": false
            },
            {
              "title": "Filter Psychics by Categories {\"category\":\"Numerology\"}",
              "fullTitle": "Filtering by Category @REQ-5 Filter Psychics by Categories {\"category\":\"Numerology\"}",
              "timedOut": false,
              "duration": 25009,
              "state": "passed",
              "speed": "slow",
              "pass": true,
              "fail": false,
              "pending": false,
              "context": null,
              "code": "runSteps(addExampleInTable(exampleSteps, current)",
              "err": {},
              "uuid": "3655ced5-4d2f-46c5-8b5b-c9d827aeeffc",
              "parentUUID": "0ebc7071-78ca-4905-962a-96f1b054f0a7",
              "isHook": false,
              "skipped": false
            }
          ],
          "suites": [],
          "passes": [
            "2550e9a2-3158-478a-a791-5ddb66194cb2",
            "4c2e0cb6-5fe2-4835-9b1f-8438ad25a82e",
            "ca9f3bd5-a480-4c21-a090-afb085a37346",
            "8d476d65-c744-4e36-9906-4f92256797d6",
            "49ac7f67-b834-4e36-92c2-2dde5d5ef325",
            "3655ced5-4d2f-46c5-8b5b-c9d827aeeffc"
          ],
          "failures": [],
          "pending": [],
          "skipped": [],
          "duration": 151224,
          "root": false,
          "rootEmpty": false,
          "_timeout": 0
        },
        {
          "uuid": "355985c5-ea8b-4450-8b94-2d970edbefb1",
          "title": "Home Page @REQ-1",
          "fullFile": "",
          "file": "",
          "beforeHooks": [
            {
              "title": "\"before all\" hook: codeceptjs.beforeSuite in \"Home Page @REQ-1\"",
              "fullTitle": "Home Page @REQ-1 \"before all\" hook: codeceptjs.beforeSuite in \"Home Page @REQ-1\"",
              "timedOut": false,
              "duration": 0,
              "state": null,
              "speed": null,
              "pass": false,
              "fail": false,
              "pending": false,
              "context": null,
              "code": "scenario.suiteSetup(suite)",
              "err": {},
              "uuid": "28baf39a-2b0e-40e2-a37c-3c67bc7c1031",
              "parentUUID": "355985c5-ea8b-4450-8b94-2d970edbefb1",
              "isHook": true,
              "skipped": false
            },
            {
              "title": "\"before each\" hook: codeceptjs.before in \"Home Page @REQ-1\"",
              "fullTitle": "Home Page @REQ-1 \"before each\" hook: codeceptjs.before in \"Home Page @REQ-1\"",
              "timedOut": false,
              "duration": 0,
              "state": null,
              "speed": null,
              "pass": false,
              "fail": false,
              "pending": false,
              "context": null,
              "code": "scenario.setup(suite)",
              "err": {},
              "uuid": "05bb1ed3-6581-4383-bacc-ad48c76c84b8",
              "parentUUID": "355985c5-ea8b-4450-8b94-2d970edbefb1",
              "isHook": true,
              "skipped": false
            }
          ],
          "afterHooks": [
            {
              "title": "\"after all\" hook: codeceptjs.afterSuite in \"Home Page @REQ-1\"",
              "fullTitle": "Home Page @REQ-1 \"after all\" hook: codeceptjs.afterSuite in \"Home Page @REQ-1\"",
              "timedOut": false,
              "duration": 0,
              "state": null,
              "speed": null,
              "pass": false,
              "fail": false,
              "pending": false,
              "context": null,
              "code": "scenario.suiteTeardown(suite)",
              "err": {},
              "uuid": "018e18dc-4421-44e5-b265-9350088c58e0",
              "parentUUID": "355985c5-ea8b-4450-8b94-2d970edbefb1",
              "isHook": true,
              "skipped": false
            },
            {
              "title": "\"after each\" hook: codeceptjs.after in \"Home Page @REQ-1\"",
              "fullTitle": "Home Page @REQ-1 \"after each\" hook: codeceptjs.after in \"Home Page @REQ-1\"",
              "timedOut": false,
              "duration": 6,
              "state": null,
              "speed": null,
              "pass": false,
              "fail": false,
              "pending": false,
              "context": null,
              "code": "scenario.teardown(suite)",
              "err": {},
              "uuid": "f5de9076-4493-4c5b-8ec4-17ba0fe777ba",
              "parentUUID": "355985c5-ea8b-4450-8b94-2d970edbefb1",
              "isHook": true,
              "skipped": false
            }
          ],
          "tests": [
            {
              "title": "\"Show More\" button loads more psychics",
              "fullTitle": "Home Page @REQ-1 \"Show More\" button loads more psychics",
              "timedOut": false,
              "duration": 33863,
              "state": "passed",
              "speed": "slow",
              "pass": true,
              "fail": false,
              "pending": false,
              "context": null,
              "code": "runSteps(child.steps)",
              "err": {},
              "uuid": "7e3ca249-e4b6-4c24-9d82-ef2c7734dc37",
              "parentUUID": "355985c5-ea8b-4450-8b94-2d970edbefb1",
              "isHook": false,
              "skipped": false
            },
            {
              "title": "There are no visible duplicated psychic cards",
              "fullTitle": "Home Page @REQ-1 There are no visible duplicated psychic cards",
              "timedOut": false,
              "duration": 13220,
              "state": "passed",
              "speed": "slow",
              "pass": true,
              "fail": false,
              "pending": false,
              "context": null,
              "code": "runSteps(child.steps)",
              "err": {},
              "uuid": "f239e7a4-4ffc-42e1-bb1c-803327e72487",
              "parentUUID": "355985c5-ea8b-4450-8b94-2d970edbefb1",
              "isHook": false,
              "skipped": false
            },
            {
              "title": "Each psychic card contains details",
              "fullTitle": "Home Page @REQ-1 Each psychic card contains details",
              "timedOut": false,
              "duration": 14688,
              "state": "passed",
              "speed": "slow",
              "pass": true,
              "fail": false,
              "pending": false,
              "context": null,
              "code": "runSteps(child.steps)",
              "err": {},
              "uuid": "9d630a2d-6ec4-4705-be52-3e57eba7e1a4",
              "parentUUID": "355985c5-ea8b-4450-8b94-2d970edbefb1",
              "isHook": false,
              "skipped": false
            }
          ],
          "suites": [],
          "passes": [
            "7e3ca249-e4b6-4c24-9d82-ef2c7734dc37",
            "f239e7a4-4ffc-42e1-bb1c-803327e72487",
            "9d630a2d-6ec4-4705-be52-3e57eba7e1a4"
          ],
          "failures": [],
          "pending": [],
          "skipped": [],
          "duration": 61771,
          "root": false,
          "rootEmpty": false,
          "_timeout": 0
        },
        {
          "uuid": "f5739d12-78e7-4499-a343-70229f6dabef",
          "title": "Search for Psychics from Home Page @REQ-3",
          "fullFile": "",
          "file": "",
          "beforeHooks": [
            {
              "title": "\"before all\" hook: codeceptjs.beforeSuite in \"Search for Psychics from Home Page @REQ-3\"",
              "fullTitle": "Search for Psychics from Home Page @REQ-3 \"before all\" hook: codeceptjs.beforeSuite in \"Search for Psychics from Home Page @REQ-3\"",
              "timedOut": false,
              "duration": 1,
              "state": null,
              "speed": null,
              "pass": false,
              "fail": false,
              "pending": false,
              "context": null,
              "code": "scenario.suiteSetup(suite)",
              "err": {},
              "uuid": "cf51b5ff-f530-4be0-9be9-5d8c36cbe995",
              "parentUUID": "f5739d12-78e7-4499-a343-70229f6dabef",
              "isHook": true,
              "skipped": false
            },
            {
              "title": "\"before each\" hook: codeceptjs.before in \"Search for Psychics from Home Page @REQ-3\"",
              "fullTitle": "Search for Psychics from Home Page @REQ-3 \"before each\" hook: codeceptjs.before in \"Search for Psychics from Home Page @REQ-3\"",
              "timedOut": false,
              "duration": 0,
              "state": null,
              "speed": null,
              "pass": false,
              "fail": false,
              "pending": false,
              "context": null,
              "code": "scenario.setup(suite)",
              "err": {},
              "uuid": "869027a5-57e0-4755-b36a-384281fc85c5",
              "parentUUID": "f5739d12-78e7-4499-a343-70229f6dabef",
              "isHook": true,
              "skipped": false
            }
          ],
          "afterHooks": [
            {
              "title": "\"after all\" hook: codeceptjs.afterSuite in \"Search for Psychics from Home Page @REQ-3\"",
              "fullTitle": "Search for Psychics from Home Page @REQ-3 \"after all\" hook: codeceptjs.afterSuite in \"Search for Psychics from Home Page @REQ-3\"",
              "timedOut": false,
              "duration": 0,
              "state": null,
              "speed": null,
              "pass": false,
              "fail": false,
              "pending": false,
              "context": null,
              "code": "scenario.suiteTeardown(suite)",
              "err": {},
              "uuid": "7b5224a4-b146-456f-86dd-2e01b59f0baf",
              "parentUUID": "f5739d12-78e7-4499-a343-70229f6dabef",
              "isHook": true,
              "skipped": false
            },
            {
              "title": "\"after each\" hook: codeceptjs.after in \"Search for Psychics from Home Page @REQ-3\"",
              "fullTitle": "Search for Psychics from Home Page @REQ-3 \"after each\" hook: codeceptjs.after in \"Search for Psychics from Home Page @REQ-3\"",
              "timedOut": false,
              "duration": 11,
              "state": null,
              "speed": null,
              "pass": false,
              "fail": false,
              "pending": false,
              "context": null,
              "code": "scenario.teardown(suite)",
              "err": {},
              "uuid": "f44d3b9f-888c-458e-9a3b-ae4ca3274741",
              "parentUUID": "f5739d12-78e7-4499-a343-70229f6dabef",
              "isHook": true,
              "skipped": false
            }
          ],
          "tests": [
            {
              "title": "Search Input field displays Placeholder",
              "fullTitle": "Search for Psychics from Home Page @REQ-3 Search Input field displays Placeholder",
              "timedOut": false,
              "duration": 17282,
              "state": "passed",
              "speed": "slow",
              "pass": true,
              "fail": false,
              "pending": false,
              "context": null,
              "code": "runSteps(child.steps)",
              "err": {},
              "uuid": "5036b406-ae85-4629-8b0d-42d249b588b7",
              "parentUUID": "f5739d12-78e7-4499-a343-70229f6dabef",
              "isHook": false,
              "skipped": false
            },
            {
              "title": "Search for Psychics by partial text {\"partialText\":\"Matt\"}",
              "fullTitle": "Search for Psychics from Home Page @REQ-3 Search for Psychics by partial text {\"partialText\":\"Matt\"}",
              "timedOut": false,
              "duration": 27569,
              "state": "passed",
              "speed": "slow",
              "pass": true,
              "fail": false,
              "pending": false,
              "context": null,
              "code": "runSteps(addExampleInTable(exampleSteps, current)",
              "err": {},
              "uuid": "9b321a28-7815-49e7-90d8-706ebdb28f9d",
              "parentUUID": "f5739d12-78e7-4499-a343-70229f6dabef",
              "isHook": false,
              "skipped": false
            },
            {
              "title": "Search for Psychics by partial text {\"partialText\":\"Myst\"}",
              "fullTitle": "Search for Psychics from Home Page @REQ-3 Search for Psychics by partial text {\"partialText\":\"Myst\"}",
              "timedOut": false,
              "duration": 27069,
              "state": "passed",
              "speed": "slow",
              "pass": true,
              "fail": false,
              "pending": false,
              "context": null,
              "code": "runSteps(addExampleInTable(exampleSteps, current)",
              "err": {},
              "uuid": "09723863-9f7f-461d-87ae-a3c4ced0fd3b",
              "parentUUID": "f5739d12-78e7-4499-a343-70229f6dabef",
              "isHook": false,
              "skipped": false
            },
            {
              "title": "Search for Psychics by partial text {\"partialText\":\"Ann\"}",
              "fullTitle": "Search for Psychics from Home Page @REQ-3 Search for Psychics by partial text {\"partialText\":\"Ann\"}",
              "timedOut": false,
              "duration": 27450,
              "state": "passed",
              "speed": "slow",
              "pass": true,
              "fail": false,
              "pending": false,
              "context": null,
              "code": "runSteps(addExampleInTable(exampleSteps, current)",
              "err": {},
              "uuid": "74ff2b23-f769-4231-9483-027511adb601",
              "parentUUID": "f5739d12-78e7-4499-a343-70229f6dabef",
              "isHook": false,
              "skipped": false
            },
            {
              "title": "Search for Psychics by partial text {\"partialText\":\"psy\"}",
              "fullTitle": "Search for Psychics from Home Page @REQ-3 Search for Psychics by partial text {\"partialText\":\"psy\"}",
              "timedOut": false,
              "duration": 27930,
              "state": "passed",
              "speed": "slow",
              "pass": true,
              "fail": false,
              "pending": false,
              "context": null,
              "code": "runSteps(addExampleInTable(exampleSteps, current)",
              "err": {},
              "uuid": "49287b8d-6391-4784-a327-69d23180c188",
              "parentUUID": "f5739d12-78e7-4499-a343-70229f6dabef",
              "isHook": false,
              "skipped": false
            },
            {
              "title": "Search for Psychics by full text {\"psychicName\":\"MattWarren\"}",
              "fullTitle": "Search for Psychics from Home Page @REQ-3 Search for Psychics by full text {\"psychicName\":\"MattWarren\"}",
              "timedOut": false,
              "duration": 27660,
              "state": "passed",
              "speed": "slow",
              "pass": true,
              "fail": false,
              "pending": false,
              "context": null,
              "code": "runSteps(addExampleInTable(exampleSteps, current)",
              "err": {},
              "uuid": "f6858b5d-1978-4264-aaf3-4235d7cc7ce6",
              "parentUUID": "f5739d12-78e7-4499-a343-70229f6dabef",
              "isHook": false,
              "skipped": false
            },
            {
              "title": "Search for Psychics by full text {\"psychicName\":\"MysticMilena\"}",
              "fullTitle": "Search for Psychics from Home Page @REQ-3 Search for Psychics by full text {\"psychicName\":\"MysticMilena\"}",
              "timedOut": false,
              "duration": 26493,
              "state": "passed",
              "speed": "slow",
              "pass": true,
              "fail": false,
              "pending": false,
              "context": null,
              "code": "runSteps(addExampleInTable(exampleSteps, current)",
              "err": {},
              "uuid": "c0f19906-a2b8-482a-bed8-85113e15ce23",
              "parentUUID": "f5739d12-78e7-4499-a343-70229f6dabef",
              "isHook": false,
              "skipped": false
            },
            {
              "title": "Search for Psychics by full text {\"psychicName\":\"EternalFlame\"}",
              "fullTitle": "Search for Psychics from Home Page @REQ-3 Search for Psychics by full text {\"psychicName\":\"EternalFlame\"}",
              "timedOut": false,
              "duration": 27356,
              "state": "passed",
              "speed": "slow",
              "pass": true,
              "fail": false,
              "pending": false,
              "context": null,
              "code": "runSteps(addExampleInTable(exampleSteps, current)",
              "err": {},
              "uuid": "48f3c9e6-52cf-4518-934c-a74eb11cc596",
              "parentUUID": "f5739d12-78e7-4499-a343-70229f6dabef",
              "isHook": false,
              "skipped": false
            }
          ],
          "suites": [],
          "passes": [
            "5036b406-ae85-4629-8b0d-42d249b588b7",
            "9b321a28-7815-49e7-90d8-706ebdb28f9d",
            "09723863-9f7f-461d-87ae-a3c4ced0fd3b",
            "74ff2b23-f769-4231-9483-027511adb601",
            "49287b8d-6391-4784-a327-69d23180c188",
            "f6858b5d-1978-4264-aaf3-4235d7cc7ce6",
            "c0f19906-a2b8-482a-bed8-85113e15ce23",
            "48f3c9e6-52cf-4518-934c-a74eb11cc596"
          ],
          "failures": [],
          "pending": [],
          "skipped": [],
          "duration": 208809,
          "root": false,
          "rootEmpty": false,
          "_timeout": 0
        },
        {
          "uuid": "acb3c907-5f69-4f77-9393-9ffd24915f4a",
          "title": "Sign up dialog @REQ-4",
          "fullFile": "",
          "file": "",
          "beforeHooks": [
            {
              "title": "\"before all\" hook: codeceptjs.beforeSuite in \"Sign up dialog @REQ-4\"",
              "fullTitle": "Sign up dialog @REQ-4 \"before all\" hook: codeceptjs.beforeSuite in \"Sign up dialog @REQ-4\"",
              "timedOut": false,
              "duration": 0,
              "state": null,
              "speed": null,
              "pass": false,
              "fail": false,
              "pending": false,
              "context": null,
              "code": "scenario.suiteSetup(suite)",
              "err": {},
              "uuid": "5d155721-9b04-4a17-bcfc-04d63e4a1314",
              "parentUUID": "acb3c907-5f69-4f77-9393-9ffd24915f4a",
              "isHook": true,
              "skipped": false
            },
            {
              "title": "\"before each\" hook: codeceptjs.before in \"Sign up dialog @REQ-4\"",
              "fullTitle": "Sign up dialog @REQ-4 \"before each\" hook: codeceptjs.before in \"Sign up dialog @REQ-4\"",
              "timedOut": false,
              "duration": 1,
              "state": null,
              "speed": null,
              "pass": false,
              "fail": false,
              "pending": false,
              "context": null,
              "code": "scenario.setup(suite)",
              "err": {},
              "uuid": "496049f3-eb25-4f9d-a3ae-c8bfddb036a7",
              "parentUUID": "acb3c907-5f69-4f77-9393-9ffd24915f4a",
              "isHook": true,
              "skipped": false
            }
          ],
          "afterHooks": [
            {
              "title": "\"after all\" hook: codeceptjs.afterSuite in \"Sign up dialog @REQ-4\"",
              "fullTitle": "Sign up dialog @REQ-4 \"after all\" hook: codeceptjs.afterSuite in \"Sign up dialog @REQ-4\"",
              "timedOut": false,
              "duration": 0,
              "state": null,
              "speed": null,
              "pass": false,
              "fail": false,
              "pending": false,
              "context": null,
              "code": "scenario.suiteTeardown(suite)",
              "err": {},
              "uuid": "b37200b1-3bd1-438e-a597-6ce02e2162fa",
              "parentUUID": "acb3c907-5f69-4f77-9393-9ffd24915f4a",
              "isHook": true,
              "skipped": false
            },
            {
              "title": "\"after each\" hook: codeceptjs.after in \"Sign up dialog @REQ-4\"",
              "fullTitle": "Sign up dialog @REQ-4 \"after each\" hook: codeceptjs.after in \"Sign up dialog @REQ-4\"",
              "timedOut": false,
              "duration": 4,
              "state": null,
              "speed": null,
              "pass": false,
              "fail": false,
              "pending": false,
              "context": null,
              "code": "scenario.teardown(suite)",
              "err": {},
              "uuid": "5dbf11ce-b725-4758-8bdd-e1a08784274f",
              "parentUUID": "acb3c907-5f69-4f77-9393-9ffd24915f4a",
              "isHook": true,
              "skipped": false
            }
          ],
          "tests": [
            {
              "title": "Sign up dialog apppears when a toolbar's icon is clicked {\"icon\":\"favoriteIcon\"}",
              "fullTitle": "Sign up dialog @REQ-4 Sign up dialog apppears when a toolbar's icon is clicked {\"icon\":\"favoriteIcon\"}",
              "timedOut": false,
              "duration": 40099,
              "state": "passed",
              "speed": "slow",
              "pass": true,
              "fail": false,
              "pending": false,
              "context": null,
              "code": "runSteps(addExampleInTable(exampleSteps, current)",
              "err": {},
              "uuid": "0d38e2d7-0159-4735-bb2f-e13683a5e132",
              "parentUUID": "acb3c907-5f69-4f77-9393-9ffd24915f4a",
              "isHook": false,
              "skipped": false
            },
            {
              "title": "Sign up dialog apppears when a toolbar's icon is clicked {\"icon\":\"surpriseIcon\"}",
              "fullTitle": "Sign up dialog @REQ-4 Sign up dialog apppears when a toolbar's icon is clicked {\"icon\":\"surpriseIcon\"}",
              "timedOut": false,
              "duration": 39819,
              "state": "passed",
              "speed": "slow",
              "pass": true,
              "fail": false,
              "pending": false,
              "context": null,
              "code": "runSteps(addExampleInTable(exampleSteps, current)",
              "err": {},
              "uuid": "6b87cbe4-af4a-45be-bff6-04cffce2204f",
              "parentUUID": "acb3c907-5f69-4f77-9393-9ffd24915f4a",
              "isHook": false,
              "skipped": false
            },
            {
              "title": "Sign up dialog apppears when a toolbar's icon is clicked {\"icon\":\"awardsIcon\"}",
              "fullTitle": "Sign up dialog @REQ-4 Sign up dialog apppears when a toolbar's icon is clicked {\"icon\":\"awardsIcon\"}",
              "timedOut": false,
              "duration": 38718,
              "state": "passed",
              "speed": "slow",
              "pass": true,
              "fail": false,
              "pending": false,
              "context": null,
              "code": "runSteps(addExampleInTable(exampleSteps, current)",
              "err": {},
              "uuid": "14eadbee-51cd-4af0-977f-82a4a2e9c9e5",
              "parentUUID": "acb3c907-5f69-4f77-9393-9ffd24915f4a",
              "isHook": false,
              "skipped": false
            },
            {
              "title": "Sign up dialog apppears when a toolbar's icon is clicked {\"icon\":\"cam2CamIcon\"}",
              "fullTitle": "Sign up dialog @REQ-4 Sign up dialog apppears when a toolbar's icon is clicked {\"icon\":\"cam2CamIcon\"}",
              "timedOut": false,
              "duration": 38547,
              "state": "passed",
              "speed": "slow",
              "pass": true,
              "fail": false,
              "pending": false,
              "context": null,
              "code": "runSteps(addExampleInTable(exampleSteps, current)",
              "err": {},
              "uuid": "031080f3-57dc-48e8-86e8-0e55ceafedfb",
              "parentUUID": "acb3c907-5f69-4f77-9393-9ffd24915f4a",
              "isHook": false,
              "skipped": false
            },
            {
              "title": "Sign up dialog apppears when a toolbar's icon is clicked {\"icon\":\"buyCreditIcon\"}",
              "fullTitle": "Sign up dialog @REQ-4 Sign up dialog apppears when a toolbar's icon is clicked {\"icon\":\"buyCreditIcon\"}",
              "timedOut": false,
              "duration": 38990,
              "state": "passed",
              "speed": "slow",
              "pass": true,
              "fail": false,
              "pending": false,
              "context": null,
              "code": "runSteps(addExampleInTable(exampleSteps, current)",
              "err": {},
              "uuid": "630ee5a6-a353-4645-9283-2bad282e1145",
              "parentUUID": "acb3c907-5f69-4f77-9393-9ffd24915f4a",
              "isHook": false,
              "skipped": false
            },
            {
              "title": "Sign up dialog apppears when 'Start Private Show' is clicked {\"position\":\"6\"}",
              "fullTitle": "Sign up dialog @REQ-4 Sign up dialog apppears when 'Start Private Show' is clicked {\"position\":\"6\"}",
              "timedOut": false,
              "duration": 28930,
              "state": "passed",
              "speed": "slow",
              "pass": true,
              "fail": false,
              "pending": false,
              "context": null,
              "code": "runSteps(addExampleInTable(exampleSteps, current)",
              "err": {},
              "uuid": "7e651727-8e46-4af2-8d4d-af15eef03e40",
              "parentUUID": "acb3c907-5f69-4f77-9393-9ffd24915f4a",
              "isHook": false,
              "skipped": false
            },
            {
              "title": "Sign up dialog apppears when 'Start Private Show' is clicked {\"position\":\"7\"}",
              "fullTitle": "Sign up dialog @REQ-4 Sign up dialog apppears when 'Start Private Show' is clicked {\"position\":\"7\"}",
              "timedOut": false,
              "duration": 28885,
              "state": "failed",
              "speed": null,
              "pass": false,
              "fail": true,
              "pending": false,
              "context": null,
              "code": "runSteps(addExampleInTable(exampleSteps, current)",
              "err": {
                "message": null,
                "estack": null,
                "diff": "- [\n-   \"ELEMENT\"\n- ]\n+ []\n"
              },
              "uuid": "41856121-8e07-4496-b028-f50d0d06fbec",
              "parentUUID": "acb3c907-5f69-4f77-9393-9ffd24915f4a",
              "isHook": false,
              "skipped": false
            },
            {
              "title": "Sign up dialog apppears when 'Buy Credits' is clicked",
              "fullTitle": "Sign up dialog @REQ-4 Sign up dialog apppears when 'Buy Credits' is clicked",
              "timedOut": false,
              "duration": 27727,
              "state": "passed",
              "speed": "slow",
              "pass": true,
              "fail": false,
              "pending": false,
              "context": null,
              "code": "runSteps(child.steps)",
              "err": {},
              "uuid": "486e5f7f-3b56-46ef-b6aa-43c95dc2f87d",
              "parentUUID": "acb3c907-5f69-4f77-9393-9ffd24915f4a",
              "isHook": false,
              "skipped": false
            }
          ],
          "suites": [],
          "passes": [
            "0d38e2d7-0159-4735-bb2f-e13683a5e132",
            "6b87cbe4-af4a-45be-bff6-04cffce2204f",
            "14eadbee-51cd-4af0-977f-82a4a2e9c9e5",
            "031080f3-57dc-48e8-86e8-0e55ceafedfb",
            "630ee5a6-a353-4645-9283-2bad282e1145",
            "7e651727-8e46-4af2-8d4d-af15eef03e40",
            "486e5f7f-3b56-46ef-b6aa-43c95dc2f87d"
          ],
          "failures": [
            "41856121-8e07-4496-b028-f50d0d06fbec"
          ],
          "pending": [],
          "skipped": [],
          "duration": 281715,
          "root": false,
          "rootEmpty": false,
          "_timeout": 0
        }
      ],
      "passes": [],
      "failures": [],
      "pending": [],
      "skipped": [],
      "duration": 0,
      "root": true,
      "rootEmpty": true,
      "_timeout": 0
    }
  ],
  "meta": {
    "mocha": {
      "version": "8.1.3"
    },
    "mochawesome": {
      "options": {
        "quiet": false,
        "reportFilename": "mochawesome",
        "saveHtml": true,
        "saveJson": true,
        "consoleReporter": "spec",
        "useInlineDiffs": false,
        "code": true
      },
      "version": "6.2.2"
    },
    "marge": {
      "options": {},
      "version": "5.2.0"
    }
  }
}